<?xml version="1.0" encoding="UTF-8"?>
<!-- Generated by org.testng.reporters.JUnitReportReporter -->
<testsuite hostname="DESKTOP-B12UCJL" failures="0" tests="5" name="com.org.RegistrationTest" time="41.475" errors="0" timestamp="2022-03-21T19:55:30 IST" skipped="0">
  <testcase classname="com.org.RegistrationTest" name="addToCart" time="3.225"/>
  <system-out/>
  <testcase classname="com.org.RegistrationTest" name="register" time="1.237"/>
  <system-out/>
  <testcase classname="com.org.RegistrationTest" name="launchChrome" time="35.075"/>
  <system-out/>
  <testcase classname="com.org.RegistrationTest" name="login" time="1.408"/>
  <system-out/>
  <testcase classname="com.org.RegistrationTest" name="search" time="0.530"/>
  <system-out/>
</testsuite> <!-- com.org.RegistrationTest -->
